[2025-05-05T06:20:48.499Z] ERROR: Invalid address format: 0x8f16A4234D629634539A9E39455BB911fEe05061
Error: bad address checksum (argument="address", value="0x8f16A4234D629634539A9E39455BB911fEe05061", code=INVALID_ARGUMENT, version=address/5.8.0)
    at Logger.makeError (C:\Users\thoma\Videos\flash-loan-arbitrage-triangular-main\TriangularArbitragePrototype\node_modules\@ethersproject\logger\lib\index.js:238:21)
    at Logger.throwError (C:\Users\thoma\Videos\flash-loan-arbitrage-triangular-main\TriangularArbitragePrototype\node_modules\@ethersproject\logger\lib\index.js:247:20)
    at Logger.throwArgumentError (C:\Users\thoma\Videos\flash-loan-arbitrage-triangular-main\TriangularArbitragePrototype\node_modules\@ethersproject\logger\lib\index.js:250:21)
    at Object.getAddress (C:\Users\thoma\Videos\flash-loan-arbitrage-triangular-main\TriangularArbitragePrototype\node_modules\@ethersproject\address\lib\index.js:80:20)
    at AddressHelper.fixAddressChecksum (C:\Users\thoma\Videos\flash-loan-arbitrage-triangular-main\TriangularArbitragePrototype\src\utils\addressHelper.js:15:33)
    at C:\Users\thoma\Videos\flash-loan-arbitrage-triangular-main\TriangularArbitragePrototype\src\utils\addressHelper.js:41:51
    at Array.forEach (<anonymous>)
    at AddressHelper.validateAddresses (C:\Users\thoma\Videos\flash-loan-arbitrage-triangular-main\TriangularArbitragePrototype\src\utils\addressHelper.js:33:20)
    at ArbitrageBot.start (C:\Users\thoma\Videos\flash-loan-arbitrage-triangular-main\TriangularArbitragePrototype\src\bot.js:57:27)
    at process.processTicksAndRejections (node:internal/process/task_queues:95:5)
[2025-05-05T06:20:48.502Z] ERROR: Invalid address format: 0xC5E1C3B7CC9eE570f8588359B27aA599dB9E4721
Error: bad address checksum (argument="address", value="0xC5E1C3B7CC9eE570f8588359B27aA599dB9E4721", code=INVALID_ARGUMENT, version=address/5.8.0)
    at Logger.makeError (C:\Users\thoma\Videos\flash-loan-arbitrage-triangular-main\TriangularArbitragePrototype\node_modules\@ethersproject\logger\lib\index.js:238:21)
    at Logger.throwError (C:\Users\thoma\Videos\flash-loan-arbitrage-triangular-main\TriangularArbitragePrototype\node_modules\@ethersproject\logger\lib\index.js:247:20)
    at Logger.throwArgumentError (C:\Users\thoma\Videos\flash-loan-arbitrage-triangular-main\TriangularArbitragePrototype\node_modules\@ethersproject\logger\lib\index.js:250:21)
    at Object.getAddress (C:\Users\thoma\Videos\flash-loan-arbitrage-triangular-main\TriangularArbitragePrototype\node_modules\@ethersproject\address\lib\index.js:80:20)
    at AddressHelper.fixAddressChecksum (C:\Users\thoma\Videos\flash-loan-arbitrage-triangular-main\TriangularArbitragePrototype\src\utils\addressHelper.js:15:33)
    at C:\Users\thoma\Videos\flash-loan-arbitrage-triangular-main\TriangularArbitragePrototype\src\utils\addressHelper.js:41:51
    at Array.forEach (<anonymous>)
    at AddressHelper.validateAddresses (C:\Users\thoma\Videos\flash-loan-arbitrage-triangular-main\TriangularArbitragePrototype\src\utils\addressHelper.js:33:20)
    at ArbitrageBot.start (C:\Users\thoma\Videos\flash-loan-arbitrage-triangular-main\TriangularArbitragePrototype\src\bot.js:57:27)
    at process.processTicksAndRejections (node:internal/process/task_queues:95:5)
[2025-05-05T06:25:17.750Z] ERROR: Invalid address format: 0x8f16A4234D629634539A9E39455BB911fEe05061
Error: bad address checksum (argument="address", value="0x8f16A4234D629634539A9E39455BB911fEe05061", code=INVALID_ARGUMENT, version=address/5.8.0)
    at Logger.makeError (C:\Users\thoma\Videos\flash-loan-arbitrage-triangular-main\TriangularArbitragePrototype\node_modules\@ethersproject\logger\lib\index.js:238:21)
    at Logger.throwError (C:\Users\thoma\Videos\flash-loan-arbitrage-triangular-main\TriangularArbitragePrototype\node_modules\@ethersproject\logger\lib\index.js:247:20)
    at Logger.throwArgumentError (C:\Users\thoma\Videos\flash-loan-arbitrage-triangular-main\TriangularArbitragePrototype\node_modules\@ethersproject\logger\lib\index.js:250:21)
    at Object.getAddress (C:\Users\thoma\Videos\flash-loan-arbitrage-triangular-main\TriangularArbitragePrototype\node_modules\@ethersproject\address\lib\index.js:80:20)
    at AddressHelper.fixAddressChecksum (C:\Users\thoma\Videos\flash-loan-arbitrage-triangular-main\TriangularArbitragePrototype\src\utils\addressHelper.js:15:33)
    at C:\Users\thoma\Videos\flash-loan-arbitrage-triangular-main\TriangularArbitragePrototype\src\utils\addressHelper.js:41:51
    at Array.forEach (<anonymous>)
    at AddressHelper.validateAddresses (C:\Users\thoma\Videos\flash-loan-arbitrage-triangular-main\TriangularArbitragePrototype\src\utils\addressHelper.js:33:20)
    at ArbitrageBot.start (C:\Users\thoma\Videos\flash-loan-arbitrage-triangular-main\TriangularArbitragePrototype\src\bot.js:57:27)
    at process.processTicksAndRejections (node:internal/process/task_queues:95:5)
[2025-05-05T06:25:17.752Z] ERROR: Invalid address format: 0xC5E1C3B7CC9eE570f8588359B27aA599dB9E4721
Error: bad address checksum (argument="address", value="0xC5E1C3B7CC9eE570f8588359B27aA599dB9E4721", code=INVALID_ARGUMENT, version=address/5.8.0)
    at Logger.makeError (C:\Users\thoma\Videos\flash-loan-arbitrage-triangular-main\TriangularArbitragePrototype\node_modules\@ethersproject\logger\lib\index.js:238:21)
    at Logger.throwError (C:\Users\thoma\Videos\flash-loan-arbitrage-triangular-main\TriangularArbitragePrototype\node_modules\@ethersproject\logger\lib\index.js:247:20)
    at Logger.throwArgumentError (C:\Users\thoma\Videos\flash-loan-arbitrage-triangular-main\TriangularArbitragePrototype\node_modules\@ethersproject\logger\lib\index.js:250:21)
    at Object.getAddress (C:\Users\thoma\Videos\flash-loan-arbitrage-triangular-main\TriangularArbitragePrototype\node_modules\@ethersproject\address\lib\index.js:80:20)
    at AddressHelper.fixAddressChecksum (C:\Users\thoma\Videos\flash-loan-arbitrage-triangular-main\TriangularArbitragePrototype\src\utils\addressHelper.js:15:33)
    at C:\Users\thoma\Videos\flash-loan-arbitrage-triangular-main\TriangularArbitragePrototype\src\utils\addressHelper.js:41:51
    at Array.forEach (<anonymous>)
    at AddressHelper.validateAddresses (C:\Users\thoma\Videos\flash-loan-arbitrage-triangular-main\TriangularArbitragePrototype\src\utils\addressHelper.js:33:20)
    at ArbitrageBot.start (C:\Users\thoma\Videos\flash-loan-arbitrage-triangular-main\TriangularArbitragePrototype\src\bot.js:57:27)
    at process.processTicksAndRejections (node:internal/process/task_queues:95:5)
[2025-05-05T06:45:25.460Z] ERROR: Invalid address format: 0x8f16A4234D629634539A9E39455BB911fEe05061
Error: bad address checksum (argument="address", value="0x8f16A4234D629634539A9E39455BB911fEe05061", code=INVALID_ARGUMENT, version=address/5.8.0)
    at Logger.makeError (C:\Users\thoma\Videos\flash-loan-arbitrage-triangular-main\TriangularArbitragePrototype\node_modules\@ethersproject\logger\lib\index.js:238:21)
    at Logger.throwError (C:\Users\thoma\Videos\flash-loan-arbitrage-triangular-main\TriangularArbitragePrototype\node_modules\@ethersproject\logger\lib\index.js:247:20)
    at Logger.throwArgumentError (C:\Users\thoma\Videos\flash-loan-arbitrage-triangular-main\TriangularArbitragePrototype\node_modules\@ethersproject\logger\lib\index.js:250:21)
    at Object.getAddress (C:\Users\thoma\Videos\flash-loan-arbitrage-triangular-main\TriangularArbitragePrototype\node_modules\@ethersproject\address\lib\index.js:80:20)
    at AddressHelper.fixAddressChecksum (C:\Users\thoma\Videos\flash-loan-arbitrage-triangular-main\TriangularArbitragePrototype\src\utils\addressHelper.js:15:33)
    at C:\Users\thoma\Videos\flash-loan-arbitrage-triangular-main\TriangularArbitragePrototype\src\utils\addressHelper.js:41:51
    at Array.forEach (<anonymous>)
    at AddressHelper.validateAddresses (C:\Users\thoma\Videos\flash-loan-arbitrage-triangular-main\TriangularArbitragePrototype\src\utils\addressHelper.js:33:20)
    at ArbitrageBot.start (C:\Users\thoma\Videos\flash-loan-arbitrage-triangular-main\TriangularArbitragePrototype\src\bot.js:57:27)
    at process.processTicksAndRejections (node:internal/process/task_queues:95:5)
[2025-05-05T06:45:25.462Z] ERROR: Invalid address format: 0xC5E1C3B7CC9eE570f8588359B27aA599dB9E4721
Error: bad address checksum (argument="address", value="0xC5E1C3B7CC9eE570f8588359B27aA599dB9E4721", code=INVALID_ARGUMENT, version=address/5.8.0)
    at Logger.makeError (C:\Users\thoma\Videos\flash-loan-arbitrage-triangular-main\TriangularArbitragePrototype\node_modules\@ethersproject\logger\lib\index.js:238:21)
    at Logger.throwError (C:\Users\thoma\Videos\flash-loan-arbitrage-triangular-main\TriangularArbitragePrototype\node_modules\@ethersproject\logger\lib\index.js:247:20)
    at Logger.throwArgumentError (C:\Users\thoma\Videos\flash-loan-arbitrage-triangular-main\TriangularArbitragePrototype\node_modules\@ethersproject\logger\lib\index.js:250:21)
    at Object.getAddress (C:\Users\thoma\Videos\flash-loan-arbitrage-triangular-main\TriangularArbitragePrototype\node_modules\@ethersproject\address\lib\index.js:80:20)
    at AddressHelper.fixAddressChecksum (C:\Users\thoma\Videos\flash-loan-arbitrage-triangular-main\TriangularArbitragePrototype\src\utils\addressHelper.js:15:33)
    at C:\Users\thoma\Videos\flash-loan-arbitrage-triangular-main\TriangularArbitragePrototype\src\utils\addressHelper.js:41:51
    at Array.forEach (<anonymous>)
    at AddressHelper.validateAddresses (C:\Users\thoma\Videos\flash-loan-arbitrage-triangular-main\TriangularArbitragePrototype\src\utils\addressHelper.js:33:20)
    at ArbitrageBot.start (C:\Users\thoma\Videos\flash-loan-arbitrage-triangular-main\TriangularArbitragePrototype\src\bot.js:57:27)
    at process.processTicksAndRejections (node:internal/process/task_queues:95:5)
