[2025-05-02T07:42:57.612Z] ERROR: Invalid address format: 0x8f16A4234D629634539A9E39455BB911fEe05061
Error: bad address checksum (argument="address", value="0x8f16A4234D629634539A9E39455BB911fEe05061", code=INVALID_ARGUMENT, version=address/5.8.0)
    at Logger.makeError (C:\Users\thoma\Videos\flash-loan-arbitrage-triangular-main\arbitrage-bot\node_modules\@ethersproject\logger\lib\index.js:238:21)
    at Logger.throwError (C:\Users\thoma\Videos\flash-loan-arbitrage-triangular-main\arbitrage-bot\node_modules\@ethersproject\logger\lib\index.js:247:20)
    at Logger.throwArgumentError (C:\Users\thoma\Videos\flash-loan-arbitrage-triangular-main\arbitrage-bot\node_modules\@ethersproject\logger\lib\index.js:250:21)
    at Object.getAddress (C:\Users\thoma\Videos\flash-loan-arbitrage-triangular-main\arbitrage-bot\node_modules\@ethersproject\address\lib\index.js:80:20)
    at AddressHelper.fixAddressChecksum (C:\Users\thoma\Videos\flash-loan-arbitrage-triangular-main\arbitrage-bot\src\utils\addressHelper.js:15:33)
    at C:\Users\thoma\Videos\flash-loan-arbitrage-triangular-main\arbitrage-bot\src\utils\addressHelper.js:41:51
    at Array.forEach (<anonymous>)
    at AddressHelper.validateAddresses (C:\Users\thoma\Videos\flash-loan-arbitrage-triangular-main\arbitrage-bot\src\utils\addressHelper.js:33:20)
    at ArbitrageBot.start (C:\Users\thoma\Videos\flash-loan-arbitrage-triangular-main\arbitrage-bot\src\bot.js:57:27)
    at process.processTicksAndRejections (node:internal/process/task_queues:95:5)
[2025-05-02T07:42:57.615Z] ERROR: Invalid address format: 0xC5E1C3B7CC9eE570f8588359B27aA599dB9E4721
Error: bad address checksum (argument="address", value="0xC5E1C3B7CC9eE570f8588359B27aA599dB9E4721", code=INVALID_ARGUMENT, version=address/5.8.0)
    at Logger.makeError (C:\Users\thoma\Videos\flash-loan-arbitrage-triangular-main\arbitrage-bot\node_modules\@ethersproject\logger\lib\index.js:238:21)
    at Logger.throwError (C:\Users\thoma\Videos\flash-loan-arbitrage-triangular-main\arbitrage-bot\node_modules\@ethersproject\logger\lib\index.js:247:20)
    at Logger.throwArgumentError (C:\Users\thoma\Videos\flash-loan-arbitrage-triangular-main\arbitrage-bot\node_modules\@ethersproject\logger\lib\index.js:250:21)
    at Object.getAddress (C:\Users\thoma\Videos\flash-loan-arbitrage-triangular-main\arbitrage-bot\node_modules\@ethersproject\address\lib\index.js:80:20)
    at AddressHelper.fixAddressChecksum (C:\Users\thoma\Videos\flash-loan-arbitrage-triangular-main\arbitrage-bot\src\utils\addressHelper.js:15:33)
    at C:\Users\thoma\Videos\flash-loan-arbitrage-triangular-main\arbitrage-bot\src\utils\addressHelper.js:41:51
    at Array.forEach (<anonymous>)
    at AddressHelper.validateAddresses (C:\Users\thoma\Videos\flash-loan-arbitrage-triangular-main\arbitrage-bot\src\utils\addressHelper.js:33:20)
    at ArbitrageBot.start (C:\Users\thoma\Videos\flash-loan-arbitrage-triangular-main\arbitrage-bot\src\bot.js:57:27)
    at process.processTicksAndRejections (node:internal/process/task_queues:95:5)
[2025-05-02T07:48:41.907Z] ERROR: Error getting token details for 0x0E09FaBB73Bd3Ade0a17ECC321fD13a19e81cE82: could not detect network (event="noNetwork", code=NETWORK_ERROR, version=providers/5.8.0)
Error: could not detect network (event="noNetwork", code=NETWORK_ERROR, version=providers/5.8.0)
    at Logger.makeError (C:\Users\thoma\Videos\flash-loan-arbitrage-triangular-main\arbitrage-bot\node_modules\@ethersproject\logger\lib\index.js:238:21)
    at Logger.throwError (C:\Users\thoma\Videos\flash-loan-arbitrage-triangular-main\arbitrage-bot\node_modules\@ethersproject\logger\lib\index.js:247:20)
    at JsonRpcProvider.<anonymous> (C:\Users\thoma\Videos\flash-loan-arbitrage-triangular-main\arbitrage-bot\node_modules\@ethersproject\providers\lib\json-rpc-provider.js:609:54)
    at step (C:\Users\thoma\Videos\flash-loan-arbitrage-triangular-main\arbitrage-bot\node_modules\@ethersproject\providers\lib\json-rpc-provider.js:48:23)
    at Object.throw (C:\Users\thoma\Videos\flash-loan-arbitrage-triangular-main\arbitrage-bot\node_modules\@ethersproject\providers\lib\json-rpc-provider.js:29:53)
    at rejected (C:\Users\thoma\Videos\flash-loan-arbitrage-triangular-main\arbitrage-bot\node_modules\@ethersproject\providers\lib\json-rpc-provider.js:21:65)
    at process.processTicksAndRejections (node:internal/process/task_queues:95:5)
[2025-05-02T07:48:41.937Z] ERROR: Error getting token details for 0x0E09FaBB73Bd3Ade0a17ECC321fD13a19e81cE82: could not detect network (event="noNetwork", code=NETWORK_ERROR, version=providers/5.8.0)
Error: could not detect network (event="noNetwork", code=NETWORK_ERROR, version=providers/5.8.0)
    at Logger.makeError (C:\Users\thoma\Videos\flash-loan-arbitrage-triangular-main\arbitrage-bot\node_modules\@ethersproject\logger\lib\index.js:238:21)
    at Logger.throwError (C:\Users\thoma\Videos\flash-loan-arbitrage-triangular-main\arbitrage-bot\node_modules\@ethersproject\logger\lib\index.js:247:20)
    at JsonRpcProvider.<anonymous> (C:\Users\thoma\Videos\flash-loan-arbitrage-triangular-main\arbitrage-bot\node_modules\@ethersproject\providers\lib\json-rpc-provider.js:609:54)
    at step (C:\Users\thoma\Videos\flash-loan-arbitrage-triangular-main\arbitrage-bot\node_modules\@ethersproject\providers\lib\json-rpc-provider.js:48:23)
    at Object.throw (C:\Users\thoma\Videos\flash-loan-arbitrage-triangular-main\arbitrage-bot\node_modules\@ethersproject\providers\lib\json-rpc-provider.js:29:53)
    at rejected (C:\Users\thoma\Videos\flash-loan-arbitrage-triangular-main\arbitrage-bot\node_modules\@ethersproject\providers\lib\json-rpc-provider.js:21:65)
    at process.processTicksAndRejections (node:internal/process/task_queues:95:5)
[2025-05-02T07:48:41.978Z] ERROR: Error getting token details for 0x0E09FaBB73Bd3Ade0a17ECC321fD13a19e81cE82: could not detect network (event="noNetwork", code=NETWORK_ERROR, version=providers/5.8.0)
Error: could not detect network (event="noNetwork", code=NETWORK_ERROR, version=providers/5.8.0)
    at Logger.makeError (C:\Users\thoma\Videos\flash-loan-arbitrage-triangular-main\arbitrage-bot\node_modules\@ethersproject\logger\lib\index.js:238:21)
    at Logger.throwError (C:\Users\thoma\Videos\flash-loan-arbitrage-triangular-main\arbitrage-bot\node_modules\@ethersproject\logger\lib\index.js:247:20)
    at JsonRpcProvider.<anonymous> (C:\Users\thoma\Videos\flash-loan-arbitrage-triangular-main\arbitrage-bot\node_modules\@ethersproject\providers\lib\json-rpc-provider.js:609:54)
    at step (C:\Users\thoma\Videos\flash-loan-arbitrage-triangular-main\arbitrage-bot\node_modules\@ethersproject\providers\lib\json-rpc-provider.js:48:23)
    at Object.throw (C:\Users\thoma\Videos\flash-loan-arbitrage-triangular-main\arbitrage-bot\node_modules\@ethersproject\providers\lib\json-rpc-provider.js:29:53)
    at rejected (C:\Users\thoma\Videos\flash-loan-arbitrage-triangular-main\arbitrage-bot\node_modules\@ethersproject\providers\lib\json-rpc-provider.js:21:65)
    at process.processTicksAndRejections (node:internal/process/task_queues:95:5)
[2025-05-02T07:48:42.012Z] ERROR: Error getting token details for 0x0E09FaBB73Bd3Ade0a17ECC321fD13a19e81cE82: could not detect network (event="noNetwork", code=NETWORK_ERROR, version=providers/5.8.0)
Error: could not detect network (event="noNetwork", code=NETWORK_ERROR, version=providers/5.8.0)
    at Logger.makeError (C:\Users\thoma\Videos\flash-loan-arbitrage-triangular-main\arbitrage-bot\node_modules\@ethersproject\logger\lib\index.js:238:21)
    at Logger.throwError (C:\Users\thoma\Videos\flash-loan-arbitrage-triangular-main\arbitrage-bot\node_modules\@ethersproject\logger\lib\index.js:247:20)
    at JsonRpcProvider.<anonymous> (C:\Users\thoma\Videos\flash-loan-arbitrage-triangular-main\arbitrage-bot\node_modules\@ethersproject\providers\lib\json-rpc-provider.js:609:54)
    at step (C:\Users\thoma\Videos\flash-loan-arbitrage-triangular-main\arbitrage-bot\node_modules\@ethersproject\providers\lib\json-rpc-provider.js:48:23)
    at Object.throw (C:\Users\thoma\Videos\flash-loan-arbitrage-triangular-main\arbitrage-bot\node_modules\@ethersproject\providers\lib\json-rpc-provider.js:29:53)
    at rejected (C:\Users\thoma\Videos\flash-loan-arbitrage-triangular-main\arbitrage-bot\node_modules\@ethersproject\providers\lib\json-rpc-provider.js:21:65)
    at process.processTicksAndRejections (node:internal/process/task_queues:95:5)
[2025-05-02T07:48:42.054Z] ERROR: Error getting token details for 0x0E09FaBB73Bd3Ade0a17ECC321fD13a19e81cE82: could not detect network (event="noNetwork", code=NETWORK_ERROR, version=providers/5.8.0)
Error: could not detect network (event="noNetwork", code=NETWORK_ERROR, version=providers/5.8.0)
    at Logger.makeError (C:\Users\thoma\Videos\flash-loan-arbitrage-triangular-main\arbitrage-bot\node_modules\@ethersproject\logger\lib\index.js:238:21)
    at Logger.throwError (C:\Users\thoma\Videos\flash-loan-arbitrage-triangular-main\arbitrage-bot\node_modules\@ethersproject\logger\lib\index.js:247:20)
    at JsonRpcProvider.<anonymous> (C:\Users\thoma\Videos\flash-loan-arbitrage-triangular-main\arbitrage-bot\node_modules\@ethersproject\providers\lib\json-rpc-provider.js:609:54)
    at step (C:\Users\thoma\Videos\flash-loan-arbitrage-triangular-main\arbitrage-bot\node_modules\@ethersproject\providers\lib\json-rpc-provider.js:48:23)
    at Object.throw (C:\Users\thoma\Videos\flash-loan-arbitrage-triangular-main\arbitrage-bot\node_modules\@ethersproject\providers\lib\json-rpc-provider.js:29:53)
    at rejected (C:\Users\thoma\Videos\flash-loan-arbitrage-triangular-main\arbitrage-bot\node_modules\@ethersproject\providers\lib\json-rpc-provider.js:21:65)
    at process.processTicksAndRejections (node:internal/process/task_queues:95:5)
[2025-05-02T07:48:42.087Z] ERROR: Error getting token details for 0x0E09FaBB73Bd3Ade0a17ECC321fD13a19e81cE82: could not detect network (event="noNetwork", code=NETWORK_ERROR, version=providers/5.8.0)
Error: could not detect network (event="noNetwork", code=NETWORK_ERROR, version=providers/5.8.0)
    at Logger.makeError (C:\Users\thoma\Videos\flash-loan-arbitrage-triangular-main\arbitrage-bot\node_modules\@ethersproject\logger\lib\index.js:238:21)
    at Logger.throwError (C:\Users\thoma\Videos\flash-loan-arbitrage-triangular-main\arbitrage-bot\node_modules\@ethersproject\logger\lib\index.js:247:20)
    at JsonRpcProvider.<anonymous> (C:\Users\thoma\Videos\flash-loan-arbitrage-triangular-main\arbitrage-bot\node_modules\@ethersproject\providers\lib\json-rpc-provider.js:609:54)
    at step (C:\Users\thoma\Videos\flash-loan-arbitrage-triangular-main\arbitrage-bot\node_modules\@ethersproject\providers\lib\json-rpc-provider.js:48:23)
    at Object.throw (C:\Users\thoma\Videos\flash-loan-arbitrage-triangular-main\arbitrage-bot\node_modules\@ethersproject\providers\lib\json-rpc-provider.js:29:53)
    at rejected (C:\Users\thoma\Videos\flash-loan-arbitrage-triangular-main\arbitrage-bot\node_modules\@ethersproject\providers\lib\json-rpc-provider.js:21:65)
    at process.processTicksAndRejections (node:internal/process/task_queues:95:5)
[2025-05-02T07:48:42.134Z] ERROR: Error getting token details for 0x965F527D9159dCe6288a2219DB51fc6Eef120dD1: could not detect network (event="noNetwork", code=NETWORK_ERROR, version=providers/5.8.0)
Error: could not detect network (event="noNetwork", code=NETWORK_ERROR, version=providers/5.8.0)
    at Logger.makeError (C:\Users\thoma\Videos\flash-loan-arbitrage-triangular-main\arbitrage-bot\node_modules\@ethersproject\logger\lib\index.js:238:21)
    at Logger.throwError (C:\Users\thoma\Videos\flash-loan-arbitrage-triangular-main\arbitrage-bot\node_modules\@ethersproject\logger\lib\index.js:247:20)
    at JsonRpcProvider.<anonymous> (C:\Users\thoma\Videos\flash-loan-arbitrage-triangular-main\arbitrage-bot\node_modules\@ethersproject\providers\lib\json-rpc-provider.js:609:54)
    at step (C:\Users\thoma\Videos\flash-loan-arbitrage-triangular-main\arbitrage-bot\node_modules\@ethersproject\providers\lib\json-rpc-provider.js:48:23)
    at Object.throw (C:\Users\thoma\Videos\flash-loan-arbitrage-triangular-main\arbitrage-bot\node_modules\@ethersproject\providers\lib\json-rpc-provider.js:29:53)
    at rejected (C:\Users\thoma\Videos\flash-loan-arbitrage-triangular-main\arbitrage-bot\node_modules\@ethersproject\providers\lib\json-rpc-provider.js:21:65)
    at process.processTicksAndRejections (node:internal/process/task_queues:95:5)
[2025-05-02T07:48:42.167Z] ERROR: Error getting token details for 0x965F527D9159dCe6288a2219DB51fc6Eef120dD1: could not detect network (event="noNetwork", code=NETWORK_ERROR, version=providers/5.8.0)
Error: could not detect network (event="noNetwork", code=NETWORK_ERROR, version=providers/5.8.0)
    at Logger.makeError (C:\Users\thoma\Videos\flash-loan-arbitrage-triangular-main\arbitrage-bot\node_modules\@ethersproject\logger\lib\index.js:238:21)
    at Logger.throwError (C:\Users\thoma\Videos\flash-loan-arbitrage-triangular-main\arbitrage-bot\node_modules\@ethersproject\logger\lib\index.js:247:20)
    at JsonRpcProvider.<anonymous> (C:\Users\thoma\Videos\flash-loan-arbitrage-triangular-main\arbitrage-bot\node_modules\@ethersproject\providers\lib\json-rpc-provider.js:609:54)
    at step (C:\Users\thoma\Videos\flash-loan-arbitrage-triangular-main\arbitrage-bot\node_modules\@ethersproject\providers\lib\json-rpc-provider.js:48:23)
    at Object.throw (C:\Users\thoma\Videos\flash-loan-arbitrage-triangular-main\arbitrage-bot\node_modules\@ethersproject\providers\lib\json-rpc-provider.js:29:53)
    at rejected (C:\Users\thoma\Videos\flash-loan-arbitrage-triangular-main\arbitrage-bot\node_modules\@ethersproject\providers\lib\json-rpc-provider.js:21:65)
    at process.processTicksAndRejections (node:internal/process/task_queues:95:5)
[2025-05-02T07:48:42.209Z] ERROR: Error getting token details for 0x965F527D9159dCe6288a2219DB51fc6Eef120dD1: could not detect network (event="noNetwork", code=NETWORK_ERROR, version=providers/5.8.0)
Error: could not detect network (event="noNetwork", code=NETWORK_ERROR, version=providers/5.8.0)
    at Logger.makeError (C:\Users\thoma\Videos\flash-loan-arbitrage-triangular-main\arbitrage-bot\node_modules\@ethersproject\logger\lib\index.js:238:21)
    at Logger.throwError (C:\Users\thoma\Videos\flash-loan-arbitrage-triangular-main\arbitrage-bot\node_modules\@ethersproject\logger\lib\index.js:247:20)
    at JsonRpcProvider.<anonymous> (C:\Users\thoma\Videos\flash-loan-arbitrage-triangular-main\arbitrage-bot\node_modules\@ethersproject\providers\lib\json-rpc-provider.js:609:54)
    at step (C:\Users\thoma\Videos\flash-loan-arbitrage-triangular-main\arbitrage-bot\node_modules\@ethersproject\providers\lib\json-rpc-provider.js:48:23)
    at Object.throw (C:\Users\thoma\Videos\flash-loan-arbitrage-triangular-main\arbitrage-bot\node_modules\@ethersproject\providers\lib\json-rpc-provider.js:29:53)
    at rejected (C:\Users\thoma\Videos\flash-loan-arbitrage-triangular-main\arbitrage-bot\node_modules\@ethersproject\providers\lib\json-rpc-provider.js:21:65)
    at process.processTicksAndRejections (node:internal/process/task_queues:95:5)
[2025-05-02T07:48:42.257Z] ERROR: Error getting token details for 0x965F527D9159dCe6288a2219DB51fc6Eef120dD1: could not detect network (event="noNetwork", code=NETWORK_ERROR, version=providers/5.8.0)
Error: could not detect network (event="noNetwork", code=NETWORK_ERROR, version=providers/5.8.0)
    at Logger.makeError (C:\Users\thoma\Videos\flash-loan-arbitrage-triangular-main\arbitrage-bot\node_modules\@ethersproject\logger\lib\index.js:238:21)
    at Logger.throwError (C:\Users\thoma\Videos\flash-loan-arbitrage-triangular-main\arbitrage-bot\node_modules\@ethersproject\logger\lib\index.js:247:20)
    at JsonRpcProvider.<anonymous> (C:\Users\thoma\Videos\flash-loan-arbitrage-triangular-main\arbitrage-bot\node_modules\@ethersproject\providers\lib\json-rpc-provider.js:609:54)
    at step (C:\Users\thoma\Videos\flash-loan-arbitrage-triangular-main\arbitrage-bot\node_modules\@ethersproject\providers\lib\json-rpc-provider.js:48:23)
    at Object.throw (C:\Users\thoma\Videos\flash-loan-arbitrage-triangular-main\arbitrage-bot\node_modules\@ethersproject\providers\lib\json-rpc-provider.js:29:53)
    at rejected (C:\Users\thoma\Videos\flash-loan-arbitrage-triangular-main\arbitrage-bot\node_modules\@ethersproject\providers\lib\json-rpc-provider.js:21:65)
    at process.processTicksAndRejections (node:internal/process/task_queues:95:5)
[2025-05-02T07:48:42.305Z] ERROR: Error getting token details for 0x965F527D9159dCe6288a2219DB51fc6Eef120dD1: could not detect network (event="noNetwork", code=NETWORK_ERROR, version=providers/5.8.0)
Error: could not detect network (event="noNetwork", code=NETWORK_ERROR, version=providers/5.8.0)
    at Logger.makeError (C:\Users\thoma\Videos\flash-loan-arbitrage-triangular-main\arbitrage-bot\node_modules\@ethersproject\logger\lib\index.js:238:21)
    at Logger.throwError (C:\Users\thoma\Videos\flash-loan-arbitrage-triangular-main\arbitrage-bot\node_modules\@ethersproject\logger\lib\index.js:247:20)
    at JsonRpcProvider.<anonymous> (C:\Users\thoma\Videos\flash-loan-arbitrage-triangular-main\arbitrage-bot\node_modules\@ethersproject\providers\lib\json-rpc-provider.js:609:54)
    at step (C:\Users\thoma\Videos\flash-loan-arbitrage-triangular-main\arbitrage-bot\node_modules\@ethersproject\providers\lib\json-rpc-provider.js:48:23)
    at Object.throw (C:\Users\thoma\Videos\flash-loan-arbitrage-triangular-main\arbitrage-bot\node_modules\@ethersproject\providers\lib\json-rpc-provider.js:29:53)
    at rejected (C:\Users\thoma\Videos\flash-loan-arbitrage-triangular-main\arbitrage-bot\node_modules\@ethersproject\providers\lib\json-rpc-provider.js:21:65)
    at process.processTicksAndRejections (node:internal/process/task_queues:95:5)
[2025-05-02T07:48:42.351Z] ERROR: Error getting token details for 0x965F527D9159dCe6288a2219DB51fc6Eef120dD1: could not detect network (event="noNetwork", code=NETWORK_ERROR, version=providers/5.8.0)
Error: could not detect network (event="noNetwork", code=NETWORK_ERROR, version=providers/5.8.0)
    at Logger.makeError (C:\Users\thoma\Videos\flash-loan-arbitrage-triangular-main\arbitrage-bot\node_modules\@ethersproject\logger\lib\index.js:238:21)
    at Logger.throwError (C:\Users\thoma\Videos\flash-loan-arbitrage-triangular-main\arbitrage-bot\node_modules\@ethersproject\logger\lib\index.js:247:20)
    at JsonRpcProvider.<anonymous> (C:\Users\thoma\Videos\flash-loan-arbitrage-triangular-main\arbitrage-bot\node_modules\@ethersproject\providers\lib\json-rpc-provider.js:609:54)
    at step (C:\Users\thoma\Videos\flash-loan-arbitrage-triangular-main\arbitrage-bot\node_modules\@ethersproject\providers\lib\json-rpc-provider.js:48:23)
    at Object.throw (C:\Users\thoma\Videos\flash-loan-arbitrage-triangular-main\arbitrage-bot\node_modules\@ethersproject\providers\lib\json-rpc-provider.js:29:53)
    at rejected (C:\Users\thoma\Videos\flash-loan-arbitrage-triangular-main\arbitrage-bot\node_modules\@ethersproject\providers\lib\json-rpc-provider.js:21:65)
    at process.processTicksAndRejections (node:internal/process/task_queues:95:5)
[2025-05-02T07:50:00.846Z] ERROR: Error updating BNB price: could not detect network (event="noNetwork", code=NETWORK_ERROR, version=providers/5.8.0)
Error: could not detect network (event="noNetwork", code=NETWORK_ERROR, version=providers/5.8.0)
    at Logger.makeError (C:\Users\thoma\Videos\flash-loan-arbitrage-triangular-main\arbitrage-bot\node_modules\@ethersproject\logger\lib\index.js:238:21)
    at Logger.throwError (C:\Users\thoma\Videos\flash-loan-arbitrage-triangular-main\arbitrage-bot\node_modules\@ethersproject\logger\lib\index.js:247:20)
    at JsonRpcProvider.<anonymous> (C:\Users\thoma\Videos\flash-loan-arbitrage-triangular-main\arbitrage-bot\node_modules\@ethersproject\providers\lib\json-rpc-provider.js:609:54)
    at step (C:\Users\thoma\Videos\flash-loan-arbitrage-triangular-main\arbitrage-bot\node_modules\@ethersproject\providers\lib\json-rpc-provider.js:48:23)
    at Object.throw (C:\Users\thoma\Videos\flash-loan-arbitrage-triangular-main\arbitrage-bot\node_modules\@ethersproject\providers\lib\json-rpc-provider.js:29:53)
    at rejected (C:\Users\thoma\Videos\flash-loan-arbitrage-triangular-main\arbitrage-bot\node_modules\@ethersproject\providers\lib\json-rpc-provider.js:21:65)
    at process.processTicksAndRejections (node:internal/process/task_queues:95:5)
[2025-05-02T07:50:00.909Z] ERROR: Error checking network health: could not detect network (event="noNetwork", code=NETWORK_ERROR, version=providers/5.8.0)
Error: could not detect network (event="noNetwork", code=NETWORK_ERROR, version=providers/5.8.0)
    at Logger.makeError (C:\Users\thoma\Videos\flash-loan-arbitrage-triangular-main\arbitrage-bot\node_modules\@ethersproject\logger\lib\index.js:238:21)
    at Logger.throwError (C:\Users\thoma\Videos\flash-loan-arbitrage-triangular-main\arbitrage-bot\node_modules\@ethersproject\logger\lib\index.js:247:20)
    at JsonRpcProvider.<anonymous> (C:\Users\thoma\Videos\flash-loan-arbitrage-triangular-main\arbitrage-bot\node_modules\@ethersproject\providers\lib\json-rpc-provider.js:609:54)
    at step (C:\Users\thoma\Videos\flash-loan-arbitrage-triangular-main\arbitrage-bot\node_modules\@ethersproject\providers\lib\json-rpc-provider.js:48:23)
    at Object.throw (C:\Users\thoma\Videos\flash-loan-arbitrage-triangular-main\arbitrage-bot\node_modules\@ethersproject\providers\lib\json-rpc-provider.js:29:53)
    at rejected (C:\Users\thoma\Videos\flash-loan-arbitrage-triangular-main\arbitrage-bot\node_modules\@ethersproject\providers\lib\json-rpc-provider.js:21:65)
    at process.processTicksAndRejections (node:internal/process/task_queues:95:5)
[2025-05-02T07:50:00.909Z] ERROR: Error checking contract pause state: could not detect network (event="noNetwork", code=NETWORK_ERROR, version=providers/5.8.0)
Error: could not detect network (event="noNetwork", code=NETWORK_ERROR, version=providers/5.8.0)
    at Logger.makeError (C:\Users\thoma\Videos\flash-loan-arbitrage-triangular-main\arbitrage-bot\node_modules\@ethersproject\logger\lib\index.js:238:21)
    at Logger.throwError (C:\Users\thoma\Videos\flash-loan-arbitrage-triangular-main\arbitrage-bot\node_modules\@ethersproject\logger\lib\index.js:247:20)
    at JsonRpcProvider.<anonymous> (C:\Users\thoma\Videos\flash-loan-arbitrage-triangular-main\arbitrage-bot\node_modules\@ethersproject\providers\lib\json-rpc-provider.js:609:54)
    at step (C:\Users\thoma\Videos\flash-loan-arbitrage-triangular-main\arbitrage-bot\node_modules\@ethersproject\providers\lib\json-rpc-provider.js:48:23)
    at Object.throw (C:\Users\thoma\Videos\flash-loan-arbitrage-triangular-main\arbitrage-bot\node_modules\@ethersproject\providers\lib\json-rpc-provider.js:29:53)
    at rejected (C:\Users\thoma\Videos\flash-loan-arbitrage-triangular-main\arbitrage-bot\node_modules\@ethersproject\providers\lib\json-rpc-provider.js:21:65)
    at process.processTicksAndRejections (node:internal/process/task_queues:95:5)
[2025-05-02T07:50:50.727Z] ERROR: Invalid address format: 0x8f16A4234D629634539A9E39455BB911fEe05061
Error: bad address checksum (argument="address", value="0x8f16A4234D629634539A9E39455BB911fEe05061", code=INVALID_ARGUMENT, version=address/5.8.0)
    at Logger.makeError (C:\Users\thoma\Videos\flash-loan-arbitrage-triangular-main\arbitrage-bot\node_modules\@ethersproject\logger\lib\index.js:238:21)
    at Logger.throwError (C:\Users\thoma\Videos\flash-loan-arbitrage-triangular-main\arbitrage-bot\node_modules\@ethersproject\logger\lib\index.js:247:20)
    at Logger.throwArgumentError (C:\Users\thoma\Videos\flash-loan-arbitrage-triangular-main\arbitrage-bot\node_modules\@ethersproject\logger\lib\index.js:250:21)
    at Object.getAddress (C:\Users\thoma\Videos\flash-loan-arbitrage-triangular-main\arbitrage-bot\node_modules\@ethersproject\address\lib\index.js:80:20)
    at AddressHelper.fixAddressChecksum (C:\Users\thoma\Videos\flash-loan-arbitrage-triangular-main\arbitrage-bot\src\utils\addressHelper.js:15:33)
    at C:\Users\thoma\Videos\flash-loan-arbitrage-triangular-main\arbitrage-bot\src\utils\addressHelper.js:41:51
    at Array.forEach (<anonymous>)
    at AddressHelper.validateAddresses (C:\Users\thoma\Videos\flash-loan-arbitrage-triangular-main\arbitrage-bot\src\utils\addressHelper.js:33:20)
    at ArbitrageBot.start (C:\Users\thoma\Videos\flash-loan-arbitrage-triangular-main\arbitrage-bot\src\bot.js:57:27)
    at process.processTicksAndRejections (node:internal/process/task_queues:95:5)
[2025-05-02T07:50:50.729Z] ERROR: Invalid address format: 0xC5E1C3B7CC9eE570f8588359B27aA599dB9E4721
Error: bad address checksum (argument="address", value="0xC5E1C3B7CC9eE570f8588359B27aA599dB9E4721", code=INVALID_ARGUMENT, version=address/5.8.0)
    at Logger.makeError (C:\Users\thoma\Videos\flash-loan-arbitrage-triangular-main\arbitrage-bot\node_modules\@ethersproject\logger\lib\index.js:238:21)
    at Logger.throwError (C:\Users\thoma\Videos\flash-loan-arbitrage-triangular-main\arbitrage-bot\node_modules\@ethersproject\logger\lib\index.js:247:20)
    at Logger.throwArgumentError (C:\Users\thoma\Videos\flash-loan-arbitrage-triangular-main\arbitrage-bot\node_modules\@ethersproject\logger\lib\index.js:250:21)
    at Object.getAddress (C:\Users\thoma\Videos\flash-loan-arbitrage-triangular-main\arbitrage-bot\node_modules\@ethersproject\address\lib\index.js:80:20)
    at AddressHelper.fixAddressChecksum (C:\Users\thoma\Videos\flash-loan-arbitrage-triangular-main\arbitrage-bot\src\utils\addressHelper.js:15:33)
    at C:\Users\thoma\Videos\flash-loan-arbitrage-triangular-main\arbitrage-bot\src\utils\addressHelper.js:41:51
    at Array.forEach (<anonymous>)
    at AddressHelper.validateAddresses (C:\Users\thoma\Videos\flash-loan-arbitrage-triangular-main\arbitrage-bot\src\utils\addressHelper.js:33:20)
    at ArbitrageBot.start (C:\Users\thoma\Videos\flash-loan-arbitrage-triangular-main\arbitrage-bot\src\bot.js:57:27)
    at process.processTicksAndRejections (node:internal/process/task_queues:95:5)
[2025-05-02T08:57:56.806Z] ERROR: Invalid address format: 0x8f16A4234D629634539A9E39455BB911fEe05061
Error: bad address checksum (argument="address", value="0x8f16A4234D629634539A9E39455BB911fEe05061", code=INVALID_ARGUMENT, version=address/5.8.0)
    at Logger.makeError (C:\Users\thoma\Videos\flash-loan-arbitrage-triangular-main\arbitrage-bot\node_modules\@ethersproject\logger\lib\index.js:238:21)
    at Logger.throwError (C:\Users\thoma\Videos\flash-loan-arbitrage-triangular-main\arbitrage-bot\node_modules\@ethersproject\logger\lib\index.js:247:20)
    at Logger.throwArgumentError (C:\Users\thoma\Videos\flash-loan-arbitrage-triangular-main\arbitrage-bot\node_modules\@ethersproject\logger\lib\index.js:250:21)
    at Object.getAddress (C:\Users\thoma\Videos\flash-loan-arbitrage-triangular-main\arbitrage-bot\node_modules\@ethersproject\address\lib\index.js:80:20)
    at AddressHelper.fixAddressChecksum (C:\Users\thoma\Videos\flash-loan-arbitrage-triangular-main\arbitrage-bot\src\utils\addressHelper.js:15:33)
    at C:\Users\thoma\Videos\flash-loan-arbitrage-triangular-main\arbitrage-bot\src\utils\addressHelper.js:41:51
    at Array.forEach (<anonymous>)
    at AddressHelper.validateAddresses (C:\Users\thoma\Videos\flash-loan-arbitrage-triangular-main\arbitrage-bot\src\utils\addressHelper.js:33:20)
    at ArbitrageBot.start (C:\Users\thoma\Videos\flash-loan-arbitrage-triangular-main\arbitrage-bot\src\bot.js:57:27)
    at process.processTicksAndRejections (node:internal/process/task_queues:95:5)
[2025-05-02T08:57:56.809Z] ERROR: Invalid address format: 0xC5E1C3B7CC9eE570f8588359B27aA599dB9E4721
Error: bad address checksum (argument="address", value="0xC5E1C3B7CC9eE570f8588359B27aA599dB9E4721", code=INVALID_ARGUMENT, version=address/5.8.0)
    at Logger.makeError (C:\Users\thoma\Videos\flash-loan-arbitrage-triangular-main\arbitrage-bot\node_modules\@ethersproject\logger\lib\index.js:238:21)
    at Logger.throwError (C:\Users\thoma\Videos\flash-loan-arbitrage-triangular-main\arbitrage-bot\node_modules\@ethersproject\logger\lib\index.js:247:20)
    at Logger.throwArgumentError (C:\Users\thoma\Videos\flash-loan-arbitrage-triangular-main\arbitrage-bot\node_modules\@ethersproject\logger\lib\index.js:250:21)
    at Object.getAddress (C:\Users\thoma\Videos\flash-loan-arbitrage-triangular-main\arbitrage-bot\node_modules\@ethersproject\address\lib\index.js:80:20)
    at AddressHelper.fixAddressChecksum (C:\Users\thoma\Videos\flash-loan-arbitrage-triangular-main\arbitrage-bot\src\utils\addressHelper.js:15:33)
    at C:\Users\thoma\Videos\flash-loan-arbitrage-triangular-main\arbitrage-bot\src\utils\addressHelper.js:41:51
    at Array.forEach (<anonymous>)
    at AddressHelper.validateAddresses (C:\Users\thoma\Videos\flash-loan-arbitrage-triangular-main\arbitrage-bot\src\utils\addressHelper.js:33:20)
    at ArbitrageBot.start (C:\Users\thoma\Videos\flash-loan-arbitrage-triangular-main\arbitrage-bot\src\bot.js:57:27)
    at process.processTicksAndRejections (node:internal/process/task_queues:95:5)
